2025-04-28 16:57:05,187 - __main__ - INFO - Collecting reference data...
2025-04-28 16:57:05,187 - __main__ - INFO - Collecting continents...
2025-04-28 16:57:05,522 - __main__ - INFO - Collected 7 continents
2025-04-28 16:57:05,523 - __main__ - INFO - Collecting countries...
2025-04-28 16:57:05,767 - __main__ - INFO - Collected 25 countries
2025-04-28 16:57:05,768 - __main__ - INFO - Collecting regions...
2025-04-28 16:57:06,052 - __main__ - INFO - Collected 25 regions
2025-04-28 16:57:06,053 - __main__ - INFO - Collecting cities...
2025-04-28 16:57:06,345 - __main__ - INFO - Collected 25 cities
2025-04-28 16:57:06,347 - __main__ - INFO - Reference data collection completed
2025-04-28 16:57:06,347 - __main__ - INFO - Collecting leagues...
2025-04-28 16:57:06,676 - __main__ - INFO - Collected 25 leagues
2025-04-28 16:57:06,677 - __main__ - INFO - Leagues collection completed
2025-04-28 16:57:06,678 - __main__ - INFO - Collecting seasons for leagues...
2025-04-28 16:57:06,678 - __main__ - INFO - Collecting seasons for league 8 (Premier League)...
2025-04-28 17:01:57,850 - __main__ - INFO - Collecting reference data...
2025-04-28 17:01:57,851 - __main__ - INFO - Collecting continents...
2025-04-28 17:01:58,093 - __main__ - INFO - Collected 7 continents
2025-04-28 17:01:58,094 - __main__ - INFO - Collecting countries...
2025-04-28 17:01:58,334 - __main__ - INFO - Collected 25 countries
2025-04-28 17:01:58,335 - __main__ - INFO - Collecting regions...
2025-04-28 17:01:58,571 - __main__ - INFO - Collected 25 regions
2025-04-28 17:01:58,571 - __main__ - INFO - Collecting cities...
2025-04-28 17:01:58,810 - __main__ - INFO - Collected 25 cities
2025-04-28 17:01:58,811 - __main__ - INFO - Reference data collection completed
2025-04-28 17:01:58,812 - __main__ - INFO - Collecting leagues...
2025-04-28 17:01:59,079 - __main__ - INFO - Collected 25 leagues
2025-04-28 17:01:59,081 - __main__ - INFO - Leagues collection completed
2025-04-28 17:01:59,082 - __main__ - INFO - Collecting seasons for leagues...
2025-04-28 17:01:59,083 - __main__ - INFO - Collecting seasons for league 8 (Premier League)...
2025-04-28 17:14:39,066 - __main__ - INFO - Collecting reference data...
2025-04-28 17:14:39,066 - __main__ - INFO - Collecting continents...
2025-04-28 17:14:39,335 - __main__ - INFO - Collected 7 continents
2025-04-28 17:14:39,336 - __main__ - INFO - Collecting countries...
2025-04-28 17:14:39,650 - __main__ - INFO - Collected 25 countries
2025-04-28 17:14:39,650 - __main__ - INFO - Collecting regions...
2025-04-28 17:14:39,898 - __main__ - INFO - Collected 25 regions
2025-04-28 17:14:39,899 - __main__ - INFO - Collecting cities...
2025-04-28 17:14:40,128 - __main__ - INFO - Collected 25 cities
2025-04-28 17:14:40,130 - __main__ - INFO - Reference data collection completed
2025-04-28 17:14:40,131 - __main__ - INFO - Collecting leagues...
2025-04-28 17:14:40,373 - __main__ - INFO - Collected 25 leagues
2025-04-28 17:14:40,374 - __main__ - INFO - Leagues collection completed
2025-04-28 17:14:40,375 - __main__ - INFO - Collecting seasons for leagues...
2025-04-28 17:14:40,376 - __main__ - INFO - Collecting seasons for league 8 (Premier League)...
2025-04-28 17:14:40,847 - __main__ - INFO - Collected 11 seasons for league 8
2025-04-28 17:14:40,848 - __main__ - INFO - Collecting seasons for league 486 (Premier League)...
2025-04-28 17:14:41,306 - __main__ - INFO - Collected 0 seasons for league 486
2025-04-28 17:14:41,309 - __main__ - INFO - Seasons collection completed. Total: 11 seasons
2025-04-28 17:29:58,045 - __main__ - INFO - Collecting reference data...
2025-04-28 17:29:58,046 - __main__ - INFO - Collecting continents...
2025-04-28 17:29:58,388 - __main__ - INFO - Collected 7 continents
2025-04-28 17:29:58,388 - __main__ - INFO - Collecting countries...
2025-04-28 17:29:58,682 - __main__ - INFO - Collected 25 countries
2025-04-28 17:29:58,682 - __main__ - INFO - Collecting regions...
2025-04-28 17:29:58,988 - __main__ - INFO - Collected 25 regions
2025-04-28 17:29:58,989 - __main__ - INFO - Collecting cities...
2025-04-28 17:29:59,261 - __main__ - INFO - Collected 25 cities
2025-04-28 17:29:59,263 - __main__ - INFO - Reference data collection completed
2025-04-28 17:29:59,263 - __main__ - INFO - Collecting leagues...
2025-04-28 17:29:59,511 - __main__ - INFO - Collected 25 leagues
2025-04-28 17:29:59,512 - __main__ - INFO - Leagues collection completed
2025-04-28 17:29:59,513 - __main__ - INFO - Collecting seasons for leagues...
2025-04-28 17:29:59,514 - __main__ - INFO - Collecting seasons for league 8 (Premier League)...
2025-04-28 17:29:59,786 - __main__ - INFO - Collected 25 seasons for league 8
2025-04-28 17:29:59,786 - __main__ - INFO - Collecting seasons for league 486 (Premier League)...
2025-04-28 17:30:00,113 - __main__ - INFO - Collected 21 seasons for league 486
2025-04-28 17:30:00,115 - __main__ - INFO - Seasons collection completed. Total: 46 seasons
2025-04-28 18:04:51,305 - numexpr.utils - INFO - Note: NumExpr detected 12 cores but "NUMEXPR_MAX_THREADS" not set, so enforcing safe limit of 8.
2025-04-28 18:04:51,305 - numexpr.utils - INFO - NumExpr defaulting to 8 threads.
2025-04-28 18:28:42,036 - __main__ - INFO - Collecting match states...
2025-04-28 18:32:43,792 - __main__ - INFO - Collecting match states...
2025-04-28 18:37:18,336 - __main__ - INFO - Collecting reference data...
2025-04-28 18:37:18,336 - __main__ - INFO - Collecting continents...
2025-04-28 18:37:18,691 - __main__ - INFO - Collected 7 continents
2025-04-28 18:37:18,692 - __main__ - INFO - Collecting countries...
2025-04-28 18:37:18,922 - __main__ - INFO - Collected 25 countries
2025-04-28 18:37:18,923 - __main__ - INFO - Collecting regions...
2025-04-28 18:37:19,246 - __main__ - INFO - Collected 25 regions
2025-04-28 18:37:19,246 - __main__ - INFO - Collecting cities...
2025-04-28 18:37:19,510 - __main__ - INFO - Collected 25 cities
2025-04-28 18:37:19,512 - __main__ - INFO - Reference data collection completed
2025-04-28 18:37:19,512 - __main__ - INFO - Collecting leagues...
2025-04-28 18:37:19,754 - __main__ - INFO - Collected 25 leagues
2025-04-28 18:37:19,756 - __main__ - INFO - Leagues collection completed
2025-04-28 18:37:19,757 - __main__ - INFO - Collecting seasons for leagues...
2025-04-28 18:37:19,758 - __main__ - INFO - Collecting seasons for league 8 (Premier League)...
2025-04-28 18:37:20,009 - __main__ - INFO - Collected 25 seasons for league 8
2025-04-28 18:37:20,010 - __main__ - INFO - Collecting seasons for league 486 (Premier League)...
2025-04-28 18:37:20,245 - __main__ - INFO - Collected 21 seasons for league 486
2025-04-28 18:37:20,248 - __main__ - INFO - Seasons collection completed. Total: 46 seasons
2025-04-28 18:37:34,868 - __main__ - INFO - Collecting match states...
2025-04-28 18:38:49,030 - __main__ - INFO - Collecting match states...
2025-04-28 18:42:52,629 - __main__ - INFO - Collecting reference data...
2025-04-28 18:42:52,629 - __main__ - INFO - Collecting continents...
2025-04-28 18:42:52,872 - __main__ - INFO - Collected 7 continents
2025-04-28 18:42:52,872 - __main__ - INFO - Collecting countries...
2025-04-28 18:42:53,176 - __main__ - INFO - Collected 25 countries
2025-04-28 18:42:53,177 - __main__ - INFO - Collecting regions...
2025-04-28 18:42:53,422 - __main__ - INFO - Collected 25 regions
2025-04-28 18:42:53,423 - __main__ - INFO - Collecting cities...
2025-04-28 18:42:53,666 - __main__ - INFO - Collected 25 cities
2025-04-28 18:42:53,669 - __main__ - INFO - Reference data collection completed
2025-04-28 18:42:53,670 - __main__ - INFO - Collecting leagues...
2025-04-28 18:42:53,924 - __main__ - INFO - Collected 25 leagues
2025-04-28 18:42:53,926 - __main__ - INFO - Leagues collection completed
2025-04-28 18:42:53,927 - __main__ - INFO - Collecting seasons for leagues...
2025-04-28 18:42:53,927 - __main__ - INFO - Collecting seasons for league 8 (Premier League)...
2025-04-28 18:42:54,252 - __main__ - INFO - Collected 25 seasons for league 8
2025-04-28 18:42:54,253 - __main__ - INFO - Collecting seasons for league 486 (Premier League)...
2025-04-28 18:42:54,522 - __main__ - INFO - Collected 21 seasons for league 486
2025-04-28 18:42:54,523 - __main__ - INFO - Seasons collection completed. Total: 46 seasons
2025-04-28 18:43:40,581 - __main__ - INFO - Collecting match states...
2025-04-28 20:15:38,356 - __main__ - INFO - Collecting reference data...
2025-04-28 20:15:38,357 - __main__ - INFO - Collecting continents...
2025-04-28 20:15:38,680 - __main__ - INFO - Collected 7 continents
2025-04-28 20:15:38,680 - __main__ - INFO - Collecting countries...
2025-04-28 20:15:39,004 - __main__ - INFO - Collected 25 countries
2025-04-28 20:15:39,005 - __main__ - INFO - Collecting regions...
2025-04-28 20:15:39,264 - __main__ - INFO - Collected 25 regions
2025-04-28 20:15:39,264 - __main__ - INFO - Collecting cities...
2025-04-28 20:15:39,531 - __main__ - INFO - Collected 25 cities
2025-04-28 20:15:39,534 - __main__ - INFO - Reference data collection completed
2025-04-28 20:15:39,535 - __main__ - INFO - Collecting match states...
2025-04-28 20:15:39,782 - __main__ - INFO - Collecting venues...
2025-04-28 20:15:40,099 - __main__ - INFO - States and venues collection completed
2025-04-28 20:17:46,438 - __main__ - INFO - Collecting match states...
2025-04-28 20:17:46,690 - __main__ - INFO - Collecting venues...
2025-04-28 20:17:46,967 - __main__ - INFO - States and venues collection completed
2025-04-28 20:24:01,060 - __main__ - INFO - Collecting match states...
2025-04-28 20:24:01,442 - __main__ - INFO - Collecting venues...
2025-04-28 20:24:01,787 - __main__ - INFO - States and venues collection completed
2025-04-28 20:26:55,730 - __main__ - INFO - Collecting reference data...
2025-04-28 20:26:55,730 - __main__ - INFO - Collecting continents...
2025-04-28 20:26:55,975 - __main__ - INFO - Collected 7 continents
2025-04-28 20:26:55,975 - __main__ - INFO - Collecting countries...
2025-04-28 20:26:56,267 - __main__ - INFO - Collected 25 countries
2025-04-28 20:26:56,268 - __main__ - INFO - Collecting regions...
2025-04-28 20:26:56,509 - __main__ - INFO - Collected 25 regions
2025-04-28 20:26:56,511 - __main__ - INFO - Collecting cities...
2025-04-28 20:26:56,746 - __main__ - INFO - Collected 25 cities
2025-04-28 20:26:56,747 - __main__ - INFO - Reference data collection completed
2025-04-28 20:26:56,748 - __main__ - INFO - Collecting leagues...
2025-04-28 20:26:56,980 - __main__ - INFO - Collected 25 leagues
2025-04-28 20:26:56,982 - __main__ - INFO - Leagues collection completed
2025-04-28 20:26:56,983 - __main__ - INFO - Collecting seasons for leagues...
2025-04-28 20:26:56,984 - __main__ - INFO - Collecting seasons for league 8 (Premier League)...
2025-04-28 20:26:57,230 - __main__ - INFO - Collected 25 seasons for league 8
2025-04-28 20:26:57,230 - __main__ - INFO - Collecting seasons for league 486 (Premier League)...
2025-04-28 20:26:57,547 - __main__ - INFO - Collected 21 seasons for league 486
2025-04-28 20:26:57,550 - __main__ - INFO - Seasons collection completed. Total: 46 seasons
2025-04-28 20:27:09,711 - __main__ - INFO - Collecting reference data...
2025-04-28 20:27:09,711 - __main__ - INFO - Collecting continents...
2025-04-28 20:27:09,944 - __main__ - INFO - Collected 7 continents
2025-04-28 20:27:09,944 - __main__ - INFO - Collecting countries...
2025-04-28 20:27:10,184 - __main__ - INFO - Collected 25 countries
2025-04-28 20:27:10,185 - __main__ - INFO - Collecting regions...
2025-04-28 20:27:10,422 - __main__ - INFO - Collected 25 regions
2025-04-28 20:27:10,423 - __main__ - INFO - Collecting cities...
2025-04-28 20:27:10,667 - __main__ - INFO - Collected 25 cities
2025-04-28 20:27:10,671 - __main__ - INFO - Reference data collection completed
2025-04-28 20:27:10,672 - __main__ - INFO - Collecting match states...
2025-04-28 20:27:10,922 - __main__ - INFO - Collecting venues...
2025-04-28 20:27:11,201 - __main__ - INFO - States and venues collection completed
2025-04-28 20:30:12,088 - __main__ - INFO - Fixtures collection completed
2025-04-28 20:35:25,015 - numexpr.utils - INFO - Note: NumExpr detected 12 cores but "NUMEXPR_MAX_THREADS" not set, so enforcing safe limit of 8.
2025-04-28 20:35:25,015 - numexpr.utils - INFO - NumExpr defaulting to 8 threads.
2025-04-28 20:39:22,256 - __main__ - INFO -   → League 8, Season 2: fetching fixtures...
2025-04-28 20:39:53,000 - __main__ - INFO - Fixtures collection completed
2025-04-28 20:40:24,561 - __main__ - INFO -   → League 486, Season 828: fetching fixtures...
2025-04-28 20:42:53,508 - __main__ - INFO - Collecting reference data...
2025-04-28 20:42:53,509 - __main__ - INFO - Collecting continents...
2025-04-28 20:42:53,759 - __main__ - INFO - Collected 7 continents
2025-04-28 20:42:53,759 - __main__ - INFO - Collecting countries...
2025-04-28 20:42:54,023 - __main__ - INFO - Collected 25 countries
2025-04-28 20:42:54,023 - __main__ - INFO - Collecting regions...
2025-04-28 20:42:54,269 - __main__ - INFO - Collected 25 regions
2025-04-28 20:42:54,270 - __main__ - INFO - Collecting cities...
2025-04-28 20:42:54,534 - __main__ - INFO - Collected 25 cities
2025-04-28 20:42:54,535 - __main__ - INFO - Reference data collection completed
2025-04-28 20:42:54,536 - __main__ - INFO - Collecting leagues...
2025-04-28 20:42:54,776 - __main__ - INFO - Collected 25 leagues
2025-04-28 20:42:54,778 - __main__ - INFO - Leagues collection completed
2025-04-28 20:42:54,778 - __main__ - INFO - Collecting seasons for leagues...
2025-04-28 20:42:54,780 - __main__ - INFO - Seasons collection completed. Total: 0 seasons
2025-04-28 20:42:54,780 - __main__ - INFO - Collecting match states...
2025-04-28 20:42:55,027 - __main__ - INFO - Collecting venues...
2025-04-28 20:42:55,311 - __main__ - INFO - States and venues collection completed
2025-04-28 20:43:15,423 - __main__ - INFO - Collecting reference data...
2025-04-28 20:43:15,424 - __main__ - INFO - Collecting continents...
2025-04-28 20:43:15,663 - __main__ - INFO - Collected 7 continents
2025-04-28 20:43:15,663 - __main__ - INFO - Collecting countries...
2025-04-28 20:43:15,928 - __main__ - INFO - Collected 25 countries
2025-04-28 20:43:15,930 - __main__ - INFO - Collecting regions...
2025-04-28 20:43:16,170 - __main__ - INFO - Collected 25 regions
2025-04-28 20:43:16,170 - __main__ - INFO - Collecting cities...
2025-04-28 20:43:16,407 - __main__ - INFO - Collected 25 cities
2025-04-28 20:43:16,408 - __main__ - INFO - Reference data collection completed
2025-04-28 20:43:16,409 - __main__ - INFO - Collecting leagues...
2025-04-28 20:43:16,650 - __main__ - INFO - Collected 25 leagues
2025-04-28 20:43:16,652 - __main__ - INFO - Leagues collection completed
2025-04-28 20:43:16,652 - __main__ - INFO - Collecting seasons for leagues...
2025-04-28 20:43:16,653 - __main__ - INFO - Seasons collection completed. Total: 0 seasons
2025-04-28 20:43:16,653 - __main__ - INFO - Collecting match states...
2025-04-28 20:43:16,898 - __main__ - INFO - Collecting venues...
2025-04-28 20:43:17,151 - __main__ - INFO - States and venues collection completed
2025-04-28 20:46:35,376 - __main__ - INFO - Collecting seasons for leagues...
2025-04-28 20:46:35,378 - __main__ - INFO - Collecting seasons for league 8 (Premier League)...
2025-04-28 20:46:35,640 - __main__ - INFO - Collected 25 seasons for league 8
2025-04-28 20:46:35,641 - __main__ - INFO - Collecting seasons for league 9 (Championship)...
2025-04-28 20:46:35,893 - __main__ - INFO - Collected 20 seasons for league 9
2025-04-28 20:46:35,894 - __main__ - INFO - Collecting seasons for league 24 (FA Cup)...
2025-04-28 20:46:36,152 - __main__ - INFO - Collected 20 seasons for league 24
2025-04-28 20:46:36,153 - __main__ - INFO - Collecting seasons for league 27 (Carabao Cup)...
2025-04-28 20:46:36,407 - __main__ - INFO - Collected 20 seasons for league 27
2025-04-28 20:46:36,409 - __main__ - INFO - Collecting seasons for league 72 (Eredivisie)...
2025-04-28 20:46:36,653 - __main__ - INFO - Collected 20 seasons for league 72
2025-04-28 20:46:36,654 - __main__ - INFO - Collecting seasons for league 82 (Bundesliga)...
2025-04-28 20:46:36,895 - __main__ - INFO - Collected 20 seasons for league 82
2025-04-28 20:46:36,896 - __main__ - INFO - Collecting seasons for league 181 (Admiral Bundesliga)...
2025-04-28 20:46:37,129 - __main__ - INFO - Collected 20 seasons for league 181
2025-04-28 20:46:37,129 - __main__ - INFO - Collecting seasons for league 208 (Pro League)...
2025-04-28 20:46:37,373 - __main__ - INFO - Collected 20 seasons for league 208
2025-04-28 20:46:37,374 - __main__ - INFO - Collecting seasons for league 244 (1. HNL)...
2025-04-28 20:46:37,623 - __main__ - INFO - Collected 20 seasons for league 244
2025-04-28 20:46:37,623 - __main__ - INFO - Collecting seasons for league 271 (Superliga)...
2025-04-28 20:46:37,869 - __main__ - INFO - Collected 20 seasons for league 271
2025-04-28 20:46:37,870 - __main__ - INFO - Collecting seasons for league 301 (Ligue 1)...
2025-04-28 20:46:38,112 - __main__ - INFO - Collected 20 seasons for league 301
2025-04-28 20:46:38,113 - __main__ - INFO - Collecting seasons for league 384 (Serie A)...
2025-04-28 20:46:38,363 - __main__ - INFO - Collected 20 seasons for league 384
2025-04-28 20:46:38,364 - __main__ - INFO - Collecting seasons for league 387 (Serie B)...
2025-04-28 20:46:38,621 - __main__ - INFO - Collected 20 seasons for league 387
2025-04-28 20:46:38,622 - __main__ - INFO - Collecting seasons for league 390 (Coppa Italia)...
2025-04-28 20:46:38,866 - __main__ - INFO - Collected 20 seasons for league 390
2025-04-28 20:46:38,867 - __main__ - INFO - Collecting seasons for league 444 (Eliteserien)...
2025-04-28 20:46:39,103 - __main__ - INFO - Collected 21 seasons for league 444
2025-04-28 20:46:39,104 - __main__ - INFO - Collecting seasons for league 453 (Ekstraklasa)...
2025-04-28 20:46:39,379 - __main__ - INFO - Collected 20 seasons for league 453
2025-04-28 20:46:39,380 - __main__ - INFO - Collecting seasons for league 462 (Liga Portugal)...
2025-04-28 20:46:39,633 - __main__ - INFO - Collected 20 seasons for league 462
2025-04-28 20:46:39,634 - __main__ - INFO - Collecting seasons for league 486 (Premier League)...
2025-04-28 20:46:39,915 - __main__ - INFO - Collected 21 seasons for league 486
2025-04-28 20:46:39,915 - __main__ - INFO - Collecting seasons for league 501 (Premiership)...
2025-04-28 20:46:40,145 - __main__ - INFO - Collected 20 seasons for league 501
2025-04-28 20:46:40,146 - __main__ - INFO - Collecting seasons for league 564 (La Liga)...
2025-04-28 20:46:40,393 - __main__ - INFO - Collected 20 seasons for league 564
2025-04-28 20:46:40,393 - __main__ - INFO - Collecting seasons for league 567 (La Liga 2)...
2025-04-28 20:46:40,632 - __main__ - INFO - Collected 20 seasons for league 567
2025-04-28 20:46:40,634 - __main__ - INFO - Collecting seasons for league 570 (Copa Del Rey)...
2025-04-28 20:46:40,884 - __main__ - INFO - Collected 20 seasons for league 570
2025-04-28 20:46:40,885 - __main__ - INFO - Collecting seasons for league 573 (Allsvenskan)...
2025-04-28 20:46:41,124 - __main__ - INFO - Collected 21 seasons for league 573
2025-04-28 20:46:41,126 - __main__ - INFO - Collecting seasons for league 591 (Super League)...
2025-04-28 20:46:41,364 - __main__ - INFO - Collected 20 seasons for league 591
2025-04-28 20:46:41,365 - __main__ - INFO - Collecting seasons for league 600 (Super Lig)...
2025-04-28 20:46:41,603 - __main__ - INFO - Collected 20 seasons for league 600
2025-04-28 20:46:41,605 - __main__ - INFO - Seasons collection completed. Total: 508 seasons
2025-04-28 20:50:31,417 - __main__ - INFO - Collecting leagues...
2025-04-28 20:50:31,646 - __main__ - INFO - Collected 25 leagues
2025-04-28 20:50:31,648 - __main__ - INFO - Leagues collection completed
2025-04-28 20:52:38,012 - __main__ - INFO - Collecting reference data...
2025-04-28 20:52:38,012 - __main__ - INFO - Collecting continents...
2025-04-28 20:52:38,275 - __main__ - INFO - Collected 7 continents
2025-04-28 20:52:38,275 - __main__ - INFO - Collecting countries...
2025-04-28 20:52:38,582 - __main__ - INFO - Collected 25 countries
2025-04-28 20:52:38,582 - __main__ - INFO - Collecting regions...
2025-04-28 20:52:38,879 - __main__ - INFO - Collected 25 regions
2025-04-28 20:52:38,880 - __main__ - INFO - Collecting cities...
2025-04-28 20:52:39,113 - __main__ - INFO - Collected 25 cities
2025-04-28 20:52:39,114 - __main__ - INFO - Reference data collection completed
2025-04-28 20:52:39,114 - __main__ - INFO - Collecting leagues...
2025-04-28 20:52:39,335 - __main__ - INFO - Collected 25 leagues
2025-04-28 20:52:39,340 - __main__ - INFO - Leagues collection completed
2025-04-28 20:52:39,341 - __main__ - INFO - Collecting seasons for leagues...
2025-04-28 20:52:39,343 - __main__ - INFO - Collecting seasons for league 8 (Premier League)...
2025-04-28 20:52:39,601 - __main__ - INFO - Collected 25 seasons for league 8
2025-04-28 20:52:39,603 - __main__ - INFO - Seasons collection completed. Total: 25 seasons
2025-04-28 20:52:39,603 - __main__ - INFO - Collecting match states...
2025-04-28 20:52:39,926 - __main__ - INFO - Collecting venues...
2025-04-28 20:52:40,182 - __main__ - INFO - States and venues collection completed
2025-04-28 21:00:11,131 - __main__ - INFO - Collecting reference data...
2025-04-28 21:00:11,132 - __main__ - INFO - Collecting continents...
2025-04-28 21:00:11,409 - __main__ - INFO - Collected 7 continents
2025-04-28 21:00:11,409 - __main__ - INFO - Collecting countries...
2025-04-28 21:00:11,649 - __main__ - INFO - Collected 25 countries
2025-04-28 21:00:11,650 - __main__ - INFO - Collecting regions...
2025-04-28 21:00:11,902 - __main__ - INFO - Collected 25 regions
2025-04-28 21:00:11,903 - __main__ - INFO - Collecting cities...
2025-04-28 21:00:12,202 - __main__ - INFO - Collected 25 cities
2025-04-28 21:00:12,205 - __main__ - INFO - Reference data collection completed
2025-04-28 21:00:12,206 - __main__ - INFO - Collecting leagues...
2025-04-28 21:00:12,458 - __main__ - INFO - Collected 25 leagues
2025-04-28 21:00:12,461 - __main__ - INFO - Leagues collection completed
2025-04-28 21:00:12,462 - __main__ - INFO - Collecting seasons for leagues...
2025-04-28 21:00:12,463 - __main__ - INFO - Collecting seasons for league 8 (Premier League)...
2025-04-28 21:00:12,759 - __main__ - INFO - Collected 25 seasons for league 8
2025-04-28 21:00:12,760 - __main__ - INFO - Seasons collection completed. Total: 25 seasons
2025-04-28 21:00:30,955 - __main__ - INFO - Collecting reference data...
2025-04-28 21:00:30,955 - __main__ - INFO - Collecting continents...
2025-04-28 21:00:31,249 - __main__ - INFO - Collected 7 continents
2025-04-28 21:00:31,250 - __main__ - INFO - Collecting countries...
2025-04-28 21:00:31,625 - __main__ - INFO - Collected 25 countries
2025-04-28 21:00:31,625 - __main__ - INFO - Collecting regions...
2025-04-28 21:00:31,905 - __main__ - INFO - Collected 25 regions
2025-04-28 21:00:31,905 - __main__ - INFO - Collecting cities...
2025-04-28 21:00:32,179 - __main__ - INFO - Collected 25 cities
2025-04-28 21:00:32,184 - __main__ - INFO - Reference data collection completed
2025-04-28 21:00:32,184 - __main__ - INFO - Collecting leagues...
2025-04-28 21:00:32,442 - __main__ - INFO - Collected 25 leagues
2025-04-28 21:00:32,445 - __main__ - INFO - Leagues collection completed
2025-04-28 21:00:32,446 - __main__ - INFO - Collecting seasons for leagues...
2025-04-28 21:00:32,447 - __main__ - INFO - Collecting seasons for league 8 (Premier League)...
2025-04-28 21:00:32,745 - __main__ - INFO - Collected 25 seasons for league 8
2025-04-28 21:00:32,749 - __main__ - INFO - Seasons collection completed. Total: 25 seasons
2025-04-28 21:01:56,331 - __main__ - INFO - Collecting seasons for leagues...
2025-04-28 21:01:56,333 - __main__ - INFO - Collecting seasons for league 8 (Premier League)...
2025-04-28 21:01:56,579 - __main__ - INFO - Collected 25 seasons for league 8
2025-04-28 21:01:56,580 - __main__ - INFO - Seasons collection completed. Total: 25 seasons
2025-04-28 21:03:12,781 - __main__ - INFO - Collecting seasons for leagues...
2025-04-28 21:03:12,782 - __main__ - INFO - Collecting seasons for league 8 (Premier League)...
2025-04-28 21:03:13,039 - __main__ - INFO - Collected 25 seasons for league 8
2025-04-28 21:03:13,041 - __main__ - INFO - Seasons collection completed. Total: 25 seasons
2025-04-28 21:08:05,018 - __main__ - INFO - Collecting seasons for leagues...
2025-04-28 21:08:05,020 - __main__ - INFO - Collecting seasons for league 8 (Premier League)...
2025-04-28 21:08:05,376 - __main__ - INFO - Collected 25 seasons for league 8
2025-04-28 21:08:05,377 - __main__ - INFO - Seasons collection completed. Total: 25 seasons
2025-04-28 21:10:11,839 - __main__ - INFO - Collecting seasons for leagues...
2025-04-28 21:10:11,841 - __main__ - INFO - Collecting seasons for league 8 (Premier League)...
2025-04-28 21:10:12,103 - __main__ - INFO - Collected 25 seasons for league 8
2025-04-28 21:10:12,105 - __main__ - INFO - Seasons collection completed. Total: 25 seasons
2025-04-28 21:11:08,664 - __main__ - INFO - Collecting seasons for leagues...
2025-04-28 21:11:08,666 - __main__ - INFO - Collecting seasons for league 8 (Premier League)...
2025-04-28 21:11:08,946 - __main__ - INFO - Collected 25 seasons for league 8
2025-04-28 21:11:08,948 - __main__ - INFO - Seasons collection completed. Total: 25 seasons
2025-04-28 21:12:27,224 - __main__ - INFO - Collecting leagues...
2025-04-28 21:12:27,457 - __main__ - INFO - Collected 25 leagues
2025-04-28 21:12:27,459 - __main__ - INFO - Leagues collection completed
2025-04-28 21:12:27,460 - __main__ - INFO - Collecting seasons for leagues...
2025-04-28 21:12:27,460 - __main__ - INFO - Collecting seasons for league 8 (Premier League)...
2025-04-28 21:12:27,719 - __main__ - INFO - Collected 25 seasons for league 8
2025-04-28 21:12:27,723 - __main__ - INFO - Seasons collection completed. Total: 25 seasons
2025-04-28 21:15:02,102 - __main__ - INFO - Collecting fixtures for league 8…
2025-04-28 21:15:02,105 - __main__ - INFO -   → Season 2: fetching fixtures…
2025-04-28 21:19:29,538 - __main__ - INFO - Collecting fixtures for all leagues...
2025-04-28 21:19:29,540 - __main__ - INFO - Processing league: Premier League (ID: 8)
2025-04-28 21:19:29,540 - __main__ - INFO - Collecting fixtures for league 8…
2025-04-28 21:19:29,543 - __main__ - INFO -   → Season 2: fetching fixtures…
2025-04-28 21:21:46,915 - __main__ - INFO - Collecting fixtures for all leagues...
2025-04-28 21:21:46,916 - __main__ - INFO - Processing league: Premier League (ID: 8)
2025-04-28 21:21:46,917 - __main__ - INFO - Fixtures collected for league: Premier League (ID: 8)
2025-04-28 21:21:46,917 - __main__ - INFO - Processing league: Championship (ID: 9)
2025-04-28 21:21:46,918 - __main__ - INFO - Fixtures collected for league: Championship (ID: 9)
2025-04-28 21:21:46,918 - __main__ - INFO - Processing league: FA Cup (ID: 24)
2025-04-28 21:21:46,918 - __main__ - INFO - Fixtures collected for league: FA Cup (ID: 24)
2025-04-28 21:21:46,919 - __main__ - INFO - Processing league: Carabao Cup (ID: 27)
2025-04-28 21:21:46,919 - __main__ - INFO - Fixtures collected for league: Carabao Cup (ID: 27)
2025-04-28 21:21:46,919 - __main__ - INFO - Processing league: Eredivisie (ID: 72)
2025-04-28 21:21:46,920 - __main__ - INFO - Fixtures collected for league: Eredivisie (ID: 72)
2025-04-28 21:21:46,920 - __main__ - INFO - Processing league: Bundesliga (ID: 82)
2025-04-28 21:21:46,920 - __main__ - INFO - Fixtures collected for league: Bundesliga (ID: 82)
2025-04-28 21:21:46,921 - __main__ - INFO - Processing league: Admiral Bundesliga (ID: 181)
2025-04-28 21:21:46,921 - __main__ - INFO - Fixtures collected for league: Admiral Bundesliga (ID: 181)
2025-04-28 21:21:46,921 - __main__ - INFO - Processing league: Pro League (ID: 208)
2025-04-28 21:21:46,922 - __main__ - INFO - Fixtures collected for league: Pro League (ID: 208)
2025-04-28 21:21:46,922 - __main__ - INFO - Processing league: 1. HNL (ID: 244)
2025-04-28 21:21:46,922 - __main__ - INFO - Fixtures collected for league: 1. HNL (ID: 244)
2025-04-28 21:21:46,923 - __main__ - INFO - Processing league: Superliga (ID: 271)
2025-04-28 21:21:46,923 - __main__ - INFO - Fixtures collected for league: Superliga (ID: 271)
2025-04-28 21:21:46,923 - __main__ - INFO - Processing league: Ligue 1 (ID: 301)
2025-04-28 21:21:46,924 - __main__ - INFO - Fixtures collected for league: Ligue 1 (ID: 301)
2025-04-28 21:21:46,924 - __main__ - INFO - Processing league: Serie A (ID: 384)
2025-04-28 21:21:46,925 - __main__ - INFO - Fixtures collected for league: Serie A (ID: 384)
2025-04-28 21:21:46,925 - __main__ - INFO - Processing league: Serie B (ID: 387)
2025-04-28 21:21:46,926 - __main__ - INFO - Fixtures collected for league: Serie B (ID: 387)
2025-04-28 21:21:46,926 - __main__ - INFO - Processing league: Coppa Italia (ID: 390)
2025-04-28 21:21:46,926 - __main__ - INFO - Fixtures collected for league: Coppa Italia (ID: 390)
2025-04-28 21:21:46,927 - __main__ - INFO - Processing league: Eliteserien (ID: 444)
2025-04-28 21:21:46,927 - __main__ - INFO - Fixtures collected for league: Eliteserien (ID: 444)
2025-04-28 21:21:46,927 - __main__ - INFO - Processing league: Ekstraklasa (ID: 453)
2025-04-28 21:21:46,927 - __main__ - INFO - Fixtures collected for league: Ekstraklasa (ID: 453)
2025-04-28 21:21:46,928 - __main__ - INFO - Processing league: Liga Portugal (ID: 462)
2025-04-28 21:21:46,928 - __main__ - INFO - Fixtures collected for league: Liga Portugal (ID: 462)
2025-04-28 21:21:46,928 - __main__ - INFO - Processing league: Premier League (ID: 486)
2025-04-28 21:21:46,929 - __main__ - INFO - Fixtures collected for league: Premier League (ID: 486)
2025-04-28 21:21:46,929 - __main__ - INFO - Processing league: Premiership (ID: 501)
2025-04-28 21:21:46,929 - __main__ - INFO - Fixtures collected for league: Premiership (ID: 501)
2025-04-28 21:21:46,929 - __main__ - INFO - Processing league: La Liga (ID: 564)
2025-04-28 21:21:46,930 - __main__ - INFO - Fixtures collected for league: La Liga (ID: 564)
2025-04-28 21:21:46,930 - __main__ - INFO - Processing league: La Liga 2 (ID: 567)
2025-04-28 21:21:46,930 - __main__ - INFO - Fixtures collected for league: La Liga 2 (ID: 567)
2025-04-28 21:21:46,930 - __main__ - INFO - Processing league: Copa Del Rey (ID: 570)
2025-04-28 21:21:46,931 - __main__ - INFO - Fixtures collected for league: Copa Del Rey (ID: 570)
2025-04-28 21:21:46,931 - __main__ - INFO - Processing league: Allsvenskan (ID: 573)
2025-04-28 21:21:46,931 - __main__ - INFO - Fixtures collected for league: Allsvenskan (ID: 573)
2025-04-28 21:21:46,932 - __main__ - INFO - Processing league: Super League (ID: 591)
2025-04-28 21:21:46,932 - __main__ - INFO - Fixtures collected for league: Super League (ID: 591)
2025-04-28 21:21:46,932 - __main__ - INFO - Processing league: Super Lig (ID: 600)
2025-04-28 21:21:46,932 - __main__ - INFO - Fixtures collected for league: Super Lig (ID: 600)
2025-04-28 21:21:46,933 - __main__ - INFO - All fixtures collection completed.
2025-04-28 21:27:04,452 - __main__ - INFO - Using Premier League season ID: 2
2025-04-28 21:27:43,647 - __main__ - INFO - Using Premier League season ID: 2
2025-04-28 21:27:43,896 - __main__ - ERROR - Error fetching fixtures: 400 Client Error: Bad Request for url: https://api.sportmonks.com/v3/football/fixtures?filters=seasonId%3A2&include=participants%3Bleague%3Bvenue%3Bstate%3Bscores&api_token=oYeoAVFUTQpu7MfoFqbvyiYfgRRkuBWW0p2atkZnySe4X3xrHkjgGhOvI0pd
2025-04-28 21:38:32,633 - __main__ - INFO - Collecting fixtures for league 8…
2025-04-28 21:38:32,636 - __main__ - INFO -   → Season 2: fetching fixtures…
2025-04-28 21:38:43,161 - __main__ - INFO - Collecting fixtures for league 8…
2025-04-28 21:38:43,165 - __main__ - INFO -   → Season 2: fetching fixtures…
2025-04-29 14:10:45,584 - __main__ - INFO - Collecting reference data...
2025-04-29 14:10:45,584 - __main__ - INFO - Collecting continents...
2025-04-29 14:15:42,406 - __main__ - INFO - Collecting reference data...
2025-04-29 14:15:42,406 - __main__ - INFO - Collecting continents...
2025-04-29 14:21:25,507 - __main__ - INFO - Collecting reference data...
2025-04-29 14:21:25,507 - __main__ - INFO - Collecting continents...
2025-04-29 14:21:25,781 - __main__ - INFO - Collected 7 continents
2025-04-29 14:21:25,781 - __main__ - INFO - Collecting countries...
2025-04-29 14:21:26,046 - __main__ - INFO - Collected 25 countries
2025-04-29 14:21:26,046 - __main__ - INFO - Collecting regions...
2025-04-29 14:21:26,298 - __main__ - INFO - Collected 25 regions
2025-04-29 14:21:26,298 - __main__ - INFO - Collecting cities...
2025-04-29 14:21:26,554 - __main__ - INFO - Collected 25 cities
2025-04-29 14:21:26,554 - __main__ - INFO - Reference data collection completed
2025-04-29 14:21:26,554 - __main__ - INFO - Collecting match states...
2025-04-29 14:21:26,810 - __main__ - INFO - Collecting venues...
2025-04-29 14:21:27,115 - __main__ - INFO - States and venues collection completed
2025-04-29 14:21:27,115 - __main__ - INFO - Collecting leagues...
2025-04-29 14:21:27,394 - __main__ - INFO - Collected 25 leagues
2025-04-29 14:21:27,394 - __main__ - INFO - Leagues collection completed
2025-04-29 14:21:27,394 - __main__ - INFO - Collecting seasons for leagues...
2025-04-29 14:21:27,395 - __main__ - INFO - Collecting seasons for league 8 (Premier League)...
